<?xml version="1.0" encoding="utf-8"?><testsuites name="pytest tests"><testsuite name="pytest" errors="0" failures="0" skipped="0" tests="30" time="65.030" timestamp="2026-08-29T23:54:58.246009+00:00" hostname="agent-env-ddbf8bcd-f5c8-49bf-b4a2-bf87340a18e8"><testcase classname="tests.backend_test.TestHandoffSession" name="test_session_carries_jwt_restaurant_and_role" time="0.300" /><testcase classname="tests.backend_test.TestHandoffSession" name="test_waiter_handoff_role_preserved" time="0.145" /><testcase classname="tests.backend_test.TestHandoffSession" name="test_replay_rejected" time="0.285" /><testcase classname="tests.backend_test.TestHandoffSession" name="test_tampered_signature_rejected" time="0.105" /><testcase classname="tests.backend_test.TestCrossTenantIsolation" name="test_get_beta_resources_with_alpha_token" time="1.176" /><testcase classname="tests.backend_test.TestHandoffSession" name="test_alg_none_rejected" time="0.177" /><testcase classname="tests.backend_test.TestHandoffSession" name="test_bad_issuer_audience_role_module" time="0.543" /><testcase classname="tests.backend_test.TestCrossTenantIsolation" name="test_lists_do_not_leak_beta" time="0.402" /><testcase classname="tests.backend_test.TestHandoffSession" name="test_expired_rejected" time="0.122" /><testcase classname="tests.backend_test.TestCrossTenantIsolation" name="test_mutations_on_beta_resources_blocked" time="0.783" /><testcase classname="tests.backend_test.TestHandoffSession" name="test_inactive_tenant_module_rejected" time="0.150" /><testcase classname="tests.backend_test.TestHandoffSession" name="test_unknown_tenant_rejected" time="0.162" /><testcase classname="tests.backend_test.TestRoleEscalation" name="test_waiter_cannot_create_admin_user" time="0.224" /><testcase classname="tests.backend_test.TestRoleEscalation" name="test_waiter_cannot_promote_self" time="0.271" /><testcase classname="tests.backend_test.TestCrossTenantIsolation" name="test_beta_data_untouched_after_attacks" time="0.318" /><testcase classname="tests.backend_test.TestRoleEscalation" name="test_waiter_cannot_read_stats_or_users" time="0.258" /><testcase classname="tests.backend_test.TestCrossTenantIsolation" name="test_alpha_cannot_use_beta_product_in_new_order" time="0.115" /><testcase classname="tests.backend_test.TestRoleEscalation" name="test_change_password_extra_role_field_ignored" time="0.225" /><testcase classname="tests.backend_test.TestCrossTenantIsolation" name="test_users_list_scoped_to_tenant" time="0.099" /><testcase classname="tests.backend_test.TestCrossTenantIsolation" name="test_restaurant_current_is_alpha" time="0.104" /><testcase classname="tests.backend_test.TestRoleEscalation" name="test_handoff_user_cannot_login_locally" time="0.112" /><testcase classname="tests.backend_test.TestCrossTenantIsolation" name="test_restaurant_current_isolated_between_tenants" time="0.244" /><testcase classname="tests.backend_test.TestRoleEscalation" name="test_no_auth_and_bad_token_rejected" time="0.315" /><testcase classname="tests.backend_test.TestRestaurantIdInjection" name="test_body_restaurant_id_ignored_on_product_create" time="0.603" /><testcase classname="tests.backend_test.TestLocalAdminRegression" name="test_admin_login_and_scope" time="0.564" /><testcase classname="tests.backend_test.TestRestaurantIdInjection" name="test_body_restaurant_id_ignored_on_customer_and_order" time="40.661" /><testcase classname="tests.backend_test.TestRestaurantIdInjection" name="test_querystring_restaurant_id_ignored" time="19.819" /><testcase classname="tests.backend_test.TestLocalAdminRegression" name="test_admin_cannot_see_handoff_tenant_data" time="52.120" /><testcase classname="tests.backend_test.TestLocalAdminRegression" name="test_wrong_password_rejected" time="0.399" /><testcase classname="tests.backend_test.TestRestaurantIdInjection" name="test_header_spoof_ignored" time="0.104" /></testsuite></testsuites>